mode: set
github.com/clockme/clockme-backend/internal/delivery/http/routes.go:8.85,16.2 5 0
github.com/clockme/clockme-backend/internal/delivery/http/routes.go:18.66,25.2 4 0
github.com/clockme/clockme-backend/internal/delivery/http/utility.go:8.82,10.16 2 0
github.com/clockme/clockme-backend/internal/delivery/http/utility.go:10.16,12.3 1 0
github.com/clockme/clockme-backend/internal/delivery/http/utility.go:15.2,21.12 5 0
github.com/clockme/clockme-backend/internal/delivery/http/utility.go:24.74,26.2 1 0
github.com/clockme/clockme-backend/internal/delivery/http/workdebt_handler.go:13.76,17.2 1 0
github.com/clockme/clockme-backend/internal/delivery/http/workdebt_handler.go:19.84,28.16 4 0
github.com/clockme/clockme-backend/internal/delivery/http/workdebt_handler.go:28.16,31.3 2 0
github.com/clockme/clockme-backend/internal/delivery/http/workdebt_handler.go:32.2,32.29 1 0
github.com/clockme/clockme-backend/internal/delivery/http/workdebt_handler.go:32.29,38.3 1 0
github.com/clockme/clockme-backend/internal/delivery/http/workdebt_handler.go:40.2,40.45 1 0
github.com/clockme/clockme-backend/internal/delivery/http/workdebt_handler.go:42.90,50.16 4 0
github.com/clockme/clockme-backend/internal/delivery/http/workdebt_handler.go:50.16,52.3 1 0
github.com/clockme/clockme-backend/internal/delivery/http/workdebt_handler.go:53.2,53.29 1 0
github.com/clockme/clockme-backend/internal/delivery/http/workdebt_handler.go:53.29,59.3 1 0
github.com/clockme/clockme-backend/internal/delivery/http/workdebt_handler.go:60.2,60.45 1 0
github.com/clockme/clockme-backend/cmd/api/main.go:19.13,28.16 5 0
github.com/clockme/clockme-backend/cmd/api/main.go:28.16,30.3 1 0
github.com/clockme/clockme-backend/cmd/api/main.go:31.2,53.36 12 0
github.com/clockme/clockme-backend/cmd/api/main.go:56.16,57.43 1 0
github.com/clockme/clockme-backend/cmd/api/main.go:57.43,59.21 2 0
github.com/clockme/clockme-backend/cmd/api/main.go:59.21,61.4 1 0
github.com/clockme/clockme-backend/cmd/api/main.go:61.9,63.4 1 0
github.com/clockme/clockme-backend/cmd/api/main.go:64.8,66.3 1 0
github.com/clockme/clockme-backend/internal/config/config.go:30.21,36.2 1 0
github.com/clockme/clockme-backend/internal/config/config.go:37.32,42.2 2 0
github.com/clockme/clockme-backend/internal/config/config.go:43.42,59.2 7 0
github.com/clockme/clockme-backend/internal/config/config.go:60.32,72.2 5 0
github.com/clockme/clockme-backend/internal/app/application.go:9.46,13.2 1 0
github.com/clockme/clockme-backend/internal/repository/project_repository.go:15.74,19.2 1 0
github.com/clockme/clockme-backend/internal/repository/project_repository.go:20.89,22.23 1 0
github.com/clockme/clockme-backend/internal/repository/project_repository.go:25.113,27.23 1 0
github.com/clockme/clockme-backend/internal/repository/project_repository.go:30.105,32.23 1 0
github.com/clockme/clockme-backend/internal/repository/project_repository.go:35.113,37.23 1 0
github.com/clockme/clockme-backend/internal/repository/project_repository.go:40.90,42.23 1 0
github.com/clockme/clockme-backend/internal/repository/project_repository.go:45.113,47.23 1 0
github.com/clockme/clockme-backend/internal/repository/project_repository.go:50.125,52.16 2 0
github.com/clockme/clockme-backend/internal/repository/project_repository.go:52.16,54.3 1 0
github.com/clockme/clockme-backend/internal/repository/project_repository.go:56.2,59.8 1 0
github.com/clockme/clockme-backend/internal/repository/project_repository.go:62.112,64.23 1 0
github.com/clockme/clockme-backend/internal/repository/project_repository.go:67.103,69.23 1 0
github.com/clockme/clockme-backend/internal/repository/project_type_repository.go:15.82,19.2 1 0
github.com/clockme/clockme-backend/internal/repository/project_type_repository.go:21.111,23.23 1 0
github.com/clockme/clockme-backend/internal/repository/project_type_repository.go:26.101,28.16 2 0
github.com/clockme/clockme-backend/internal/repository/project_type_repository.go:28.16,30.3 1 0
github.com/clockme/clockme-backend/internal/repository/project_type_repository.go:31.2,32.45 2 0
github.com/clockme/clockme-backend/internal/repository/project_type_repository.go:32.45,38.3 1 0
github.com/clockme/clockme-backend/internal/repository/project_type_repository.go:39.2,39.26 1 0
github.com/clockme/clockme-backend/internal/repository/project_type_repository.go:42.114,44.23 1 0
github.com/clockme/clockme-backend/internal/repository/project_type_repository.go:47.114,49.23 1 0
github.com/clockme/clockme-backend/internal/repository/project_type_repository.go:52.98,54.23 1 0
github.com/clockme/clockme-backend/internal/repository/user_repository.go:16.104,18.23 1 0
github.com/clockme/clockme-backend/internal/repository/user_repository.go:21.68,25.2 1 0
github.com/clockme/clockme-backend/internal/repository/user_repository.go:26.81,28.16 2 0
github.com/clockme/clockme-backend/internal/repository/user_repository.go:28.16,30.3 1 0
github.com/clockme/clockme-backend/internal/repository/user_repository.go:31.2,33.31 2 0
github.com/clockme/clockme-backend/internal/repository/user_repository.go:33.31,40.3 1 0
github.com/clockme/clockme-backend/internal/repository/user_repository.go:42.2,42.19 1 0
github.com/clockme/clockme-backend/internal/repository/user_repository.go:44.91,46.16 2 0
github.com/clockme/clockme-backend/internal/repository/user_repository.go:46.16,48.3 1 0
github.com/clockme/clockme-backend/internal/repository/user_repository.go:49.2,54.8 1 0
github.com/clockme/clockme-backend/internal/repository/user_repository.go:56.99,66.16 3 0
github.com/clockme/clockme-backend/internal/repository/user_repository.go:66.16,68.3 1 0
github.com/clockme/clockme-backend/internal/repository/user_repository.go:70.2,75.8 1 0
github.com/clockme/clockme-backend/internal/repository/user_repository.go:77.70,79.16 2 0
github.com/clockme/clockme-backend/internal/repository/user_repository.go:79.16,81.3 1 0
github.com/clockme/clockme-backend/internal/repository/user_repository.go:82.2,82.12 1 0
github.com/clockme/clockme-backend/internal/repository/postgres/db/db.go:20.28,22.2 1 0
github.com/clockme/clockme-backend/internal/repository/postgres/db/db.go:28.46,32.2 1 0
github.com/clockme/clockme-backend/internal/repository/postgres/db/project.sql.go:25.96,37.2 4 0
github.com/clockme/clockme-backend/internal/repository/postgres/db/project.sql.go:43.79,46.2 2 0
github.com/clockme/clockme-backend/internal/repository/postgres/db/project.sql.go:52.87,64.2 4 0
github.com/clockme/clockme-backend/internal/repository/postgres/db/project.sql.go:72.85,77.2 4 0
github.com/clockme/clockme-backend/internal/repository/postgres/db/project.sql.go:93.125,104.2 4 0
github.com/clockme/clockme-backend/internal/repository/postgres/db/project.sql.go:112.93,114.16 2 0
github.com/clockme/clockme-backend/internal/repository/postgres/db/project.sql.go:114.16,116.3 1 0
github.com/clockme/clockme-backend/internal/repository/postgres/db/project.sql.go:117.2,119.18 3 0
github.com/clockme/clockme-backend/internal/repository/postgres/db/project.sql.go:119.18,128.17 2 0
github.com/clockme/clockme-backend/internal/repository/postgres/db/project.sql.go:128.17,130.4 1 0
github.com/clockme/clockme-backend/internal/repository/postgres/db/project.sql.go:131.3,131.27 1 0
github.com/clockme/clockme-backend/internal/repository/postgres/db/project.sql.go:133.2,133.35 1 0
github.com/clockme/clockme-backend/internal/repository/postgres/db/project.sql.go:133.35,135.3 1 0
github.com/clockme/clockme-backend/internal/repository/postgres/db/project.sql.go:136.2,136.19 1 0
github.com/clockme/clockme-backend/internal/repository/postgres/db/project.sql.go:143.71,145.16 2 0
github.com/clockme/clockme-backend/internal/repository/postgres/db/project.sql.go:145.16,147.3 1 0
github.com/clockme/clockme-backend/internal/repository/postgres/db/project.sql.go:148.2,150.18 3 0
github.com/clockme/clockme-backend/internal/repository/postgres/db/project.sql.go:150.18,159.17 2 0
github.com/clockme/clockme-backend/internal/repository/postgres/db/project.sql.go:159.17,161.4 1 0
github.com/clockme/clockme-backend/internal/repository/postgres/db/project.sql.go:162.3,162.27 1 0
github.com/clockme/clockme-backend/internal/repository/postgres/db/project.sql.go:164.2,164.35 1 0
github.com/clockme/clockme-backend/internal/repository/postgres/db/project.sql.go:164.35,166.3 1 0
github.com/clockme/clockme-backend/internal/repository/postgres/db/project.sql.go:167.2,167.19 1 0
github.com/clockme/clockme-backend/internal/repository/postgres/db/project.sql.go:186.96,198.2 4 0
github.com/clockme/clockme-backend/internal/repository/postgres/db/project.sql.go:214.104,226.2 4 0
github.com/clockme/clockme-backend/internal/repository/postgres/db/project_types.sql.go:17.92,28.2 4 0
github.com/clockme/clockme-backend/internal/repository/postgres/db/project_types.sql.go:35.83,38.2 2 0
github.com/clockme/clockme-backend/internal/repository/postgres/db/project_types.sql.go:44.96,55.2 4 0
github.com/clockme/clockme-backend/internal/repository/postgres/db/project_types.sql.go:61.79,63.16 2 0
github.com/clockme/clockme-backend/internal/repository/postgres/db/project_types.sql.go:63.16,65.3 1 0
github.com/clockme/clockme-backend/internal/repository/postgres/db/project_types.sql.go:66.2,68.18 3 0
github.com/clockme/clockme-backend/internal/repository/postgres/db/project_types.sql.go:68.18,76.17 2 0
github.com/clockme/clockme-backend/internal/repository/postgres/db/project_types.sql.go:76.17,78.4 1 0
github.com/clockme/clockme-backend/internal/repository/postgres/db/project_types.sql.go:79.3,79.27 1 0
github.com/clockme/clockme-backend/internal/repository/postgres/db/project_types.sql.go:81.2,81.35 1 0
github.com/clockme/clockme-backend/internal/repository/postgres/db/project_types.sql.go:81.35,83.3 1 0
github.com/clockme/clockme-backend/internal/repository/postgres/db/project_types.sql.go:84.2,84.19 1 0
github.com/clockme/clockme-backend/internal/repository/postgres/db/project_types.sql.go:101.122,112.2 4 0
github.com/clockme/clockme-backend/internal/repository/postgres/db/users.sql.go:32.87,49.2 4 0
github.com/clockme/clockme-backend/internal/repository/postgres/db/users.sql.go:55.61,58.2 2 0
github.com/clockme/clockme-backend/internal/repository/postgres/db/users.sql.go:64.75,76.2 4 0
github.com/clockme/clockme-backend/internal/repository/postgres/db/users.sql.go:82.65,84.16 2 0
github.com/clockme/clockme-backend/internal/repository/postgres/db/users.sql.go:84.16,86.3 1 0
github.com/clockme/clockme-backend/internal/repository/postgres/db/users.sql.go:87.2,89.18 3 0
github.com/clockme/clockme-backend/internal/repository/postgres/db/users.sql.go:89.18,98.17 2 0
github.com/clockme/clockme-backend/internal/repository/postgres/db/users.sql.go:98.17,100.4 1 0
github.com/clockme/clockme-backend/internal/repository/postgres/db/users.sql.go:101.3,101.27 1 0
github.com/clockme/clockme-backend/internal/repository/postgres/db/users.sql.go:103.2,103.35 1 0
github.com/clockme/clockme-backend/internal/repository/postgres/db/users.sql.go:103.35,105.3 1 0
github.com/clockme/clockme-backend/internal/repository/postgres/db/users.sql.go:106.2,106.19 1 0
github.com/clockme/clockme-backend/internal/repository/postgres/db_connect.go:12.85,24.16 4 0
github.com/clockme/clockme-backend/internal/repository/postgres/db_connect.go:24.16,26.3 1 0
github.com/clockme/clockme-backend/internal/repository/postgres/db_connect.go:34.2,35.16 2 0
github.com/clockme/clockme-backend/internal/repository/postgres/db_connect.go:35.16,37.3 1 0
github.com/clockme/clockme-backend/internal/repository/postgres/db_connect.go:40.2,40.58 1 0
github.com/clockme/clockme-backend/internal/repository/postgres/db_connect.go:40.58,43.3 2 0
github.com/clockme/clockme-backend/internal/repository/postgres/db_connect.go:45.2,45.20 1 0
github.com/clockme/clockme-backend/internal/service/workdebt/service.go:46.64,54.2 1 0
github.com/clockme/clockme-backend/internal/service/workdebt/service.go:56.68,58.16 2 0
github.com/clockme/clockme-backend/internal/service/workdebt/service.go:58.16,60.3 1 0
github.com/clockme/clockme-backend/internal/service/workdebt/service.go:62.2,63.16 2 0
github.com/clockme/clockme-backend/internal/service/workdebt/service.go:63.16,65.3 1 0
github.com/clockme/clockme-backend/internal/service/workdebt/service.go:67.2,67.29 1 0
github.com/clockme/clockme-backend/internal/service/workdebt/service.go:67.29,69.17 2 0
github.com/clockme/clockme-backend/internal/service/workdebt/service.go:69.17,71.4 1 0
github.com/clockme/clockme-backend/internal/service/workdebt/service.go:72.3,72.36 1 0
github.com/clockme/clockme-backend/internal/service/workdebt/service.go:75.2,75.19 1 0
github.com/clockme/clockme-backend/internal/service/workdebt/service.go:77.97,80.16 2 0
github.com/clockme/clockme-backend/internal/service/workdebt/service.go:80.16,82.3 1 0
github.com/clockme/clockme-backend/internal/service/workdebt/service.go:84.2,85.16 2 0
github.com/clockme/clockme-backend/internal/service/workdebt/service.go:85.16,87.3 1 0
github.com/clockme/clockme-backend/internal/service/workdebt/service.go:89.2,90.16 2 0
github.com/clockme/clockme-backend/internal/service/workdebt/service.go:90.16,92.3 1 0
github.com/clockme/clockme-backend/internal/service/workdebt/service.go:94.2,95.29 2 0
github.com/clockme/clockme-backend/internal/service/workdebt/service.go:95.29,97.17 2 0
github.com/clockme/clockme-backend/internal/service/workdebt/service.go:97.17,99.4 1 0
github.com/clockme/clockme-backend/internal/service/workdebt/service.go:100.3,101.53 2 0
github.com/clockme/clockme-backend/internal/service/workdebt/service.go:101.53,106.4 4 0
github.com/clockme/clockme-backend/internal/service/workdebt/service.go:107.3,107.66 1 0
github.com/clockme/clockme-backend/internal/service/workdebt/service.go:110.2,110.42 1 0
github.com/clockme/clockme-backend/internal/service/workdebt/service.go:115.179,127.6 5 0
github.com/clockme/clockme-backend/internal/service/workdebt/service.go:127.6,130.17 2 0
github.com/clockme/clockme-backend/internal/service/workdebt/service.go:130.17,132.4 1 0
github.com/clockme/clockme-backend/internal/service/workdebt/service.go:133.3,135.70 3 0
github.com/clockme/clockme-backend/internal/service/workdebt/service.go:135.70,137.4 1 0
github.com/clockme/clockme-backend/internal/service/workdebt/service.go:138.3,138.25 1 0
github.com/clockme/clockme-backend/internal/service/workdebt/service.go:138.25,139.9 1 0
github.com/clockme/clockme-backend/internal/service/workdebt/service.go:142.3,143.34 2 0
github.com/clockme/clockme-backend/internal/service/workdebt/service.go:143.34,144.37 1 0
github.com/clockme/clockme-backend/internal/service/workdebt/service.go:144.37,145.13 1 0
github.com/clockme/clockme-backend/internal/service/workdebt/service.go:148.4,149.11 2 0
github.com/clockme/clockme-backend/internal/service/workdebt/service.go:149.11,151.19 2 0
github.com/clockme/clockme-backend/internal/service/workdebt/service.go:151.19,154.6 2 0
github.com/clockme/clockme-backend/internal/service/workdebt/service.go:155.5,155.31 1 0
github.com/clockme/clockme-backend/internal/service/workdebt/service.go:155.31,157.14 2 0
github.com/clockme/clockme-backend/internal/service/workdebt/service.go:159.5,160.21 2 0
github.com/clockme/clockme-backend/internal/service/workdebt/service.go:163.4,164.18 2 0
github.com/clockme/clockme-backend/internal/service/workdebt/service.go:164.18,166.5 1 0
github.com/clockme/clockme-backend/internal/service/workdebt/service.go:169.4,169.34 1 0
github.com/clockme/clockme-backend/internal/service/workdebt/service.go:171.3,171.9 1 0
github.com/clockme/clockme-backend/internal/service/workdebt/service.go:173.2,173.23 1 0
github.com/clockme/clockme-backend/internal/service/workdebt/service.go:175.109,180.16 4 0
github.com/clockme/clockme-backend/internal/service/workdebt/service.go:180.16,182.3 1 0
github.com/clockme/clockme-backend/internal/service/workdebt/service.go:183.2,186.16 3 0
github.com/clockme/clockme-backend/internal/service/workdebt/service.go:186.16,188.3 1 0
github.com/clockme/clockme-backend/internal/service/workdebt/service.go:189.2,189.38 1 0
github.com/clockme/clockme-backend/internal/service/workdebt/service.go:189.38,193.3 3 0
github.com/clockme/clockme-backend/internal/service/workdebt/service.go:194.2,194.18 1 0
github.com/clockme/clockme-backend/internal/service/workdebt/service.go:196.62,205.16 7 0
github.com/clockme/clockme-backend/internal/service/workdebt/service.go:205.16,207.3 1 0
github.com/clockme/clockme-backend/internal/service/workdebt/service.go:208.2,209.16 2 0
github.com/clockme/clockme-backend/internal/service/workdebt/service.go:209.16,211.3 1 0
github.com/clockme/clockme-backend/internal/service/workdebt/service.go:213.2,215.38 3 0
github.com/clockme/clockme-backend/internal/service/workdebt/service.go:215.38,218.52 2 0
github.com/clockme/clockme-backend/internal/service/workdebt/service.go:218.52,220.12 2 0
github.com/clockme/clockme-backend/internal/service/workdebt/service.go:223.3,224.45 2 0
github.com/clockme/clockme-backend/internal/service/workdebt/service.go:226.2,226.32 1 0
github.com/clockme/clockme-backend/internal/service/workdebt/service.go:228.130,230.16 2 0
github.com/clockme/clockme-backend/internal/service/workdebt/service.go:230.16,232.3 1 0
github.com/clockme/clockme-backend/internal/service/workdebt/service.go:234.2,235.43 2 0
github.com/clockme/clockme-backend/internal/service/workdebt/service.go:235.43,239.3 3 0
github.com/clockme/clockme-backend/internal/service/workdebt/service.go:241.2,245.16 5 0
github.com/clockme/clockme-backend/internal/service/workdebt/service.go:245.16,247.3 1 0
github.com/clockme/clockme-backend/internal/service/workdebt/service.go:248.2,249.16 2 0
github.com/clockme/clockme-backend/internal/service/workdebt/service.go:249.16,251.3 1 0
github.com/clockme/clockme-backend/internal/service/workdebt/service.go:252.2,256.38 4 0
github.com/clockme/clockme-backend/internal/service/workdebt/service.go:256.38,259.43 2 0
github.com/clockme/clockme-backend/internal/service/workdebt/service.go:259.43,261.12 2 0
github.com/clockme/clockme-backend/internal/service/workdebt/service.go:264.3,264.49 1 0
github.com/clockme/clockme-backend/internal/service/workdebt/service.go:264.49,267.4 1 0
github.com/clockme/clockme-backend/internal/service/workdebt/service.go:269.3,269.45 1 0
github.com/clockme/clockme-backend/internal/service/workdebt/service.go:272.2,272.31 1 0
github.com/clockme/clockme-backend/internal/service/workdebt/service.go:274.98,284.6 7 0
github.com/clockme/clockme-backend/internal/service/workdebt/service.go:284.6,292.17 3 0
github.com/clockme/clockme-backend/internal/service/workdebt/service.go:292.17,294.4 1 0
github.com/clockme/clockme-backend/internal/service/workdebt/service.go:297.3,301.17 3 0
github.com/clockme/clockme-backend/internal/service/workdebt/service.go:301.17,303.4 1 0
github.com/clockme/clockme-backend/internal/service/workdebt/service.go:304.3,306.39 2 0
github.com/clockme/clockme-backend/internal/service/workdebt/service.go:306.39,308.4 1 0
github.com/clockme/clockme-backend/internal/service/workdebt/service.go:310.3,312.70 2 0
github.com/clockme/clockme-backend/internal/service/workdebt/service.go:312.70,314.4 1 0
github.com/clockme/clockme-backend/internal/service/workdebt/service.go:317.3,317.25 1 0
github.com/clockme/clockme-backend/internal/service/workdebt/service.go:317.25,318.9 1 0
github.com/clockme/clockme-backend/internal/service/workdebt/service.go:321.3,321.34 1 0
github.com/clockme/clockme-backend/internal/service/workdebt/service.go:321.34,323.37 1 0
github.com/clockme/clockme-backend/internal/service/workdebt/service.go:323.37,324.13 1 0
github.com/clockme/clockme-backend/internal/service/workdebt/service.go:327.4,328.18 2 0
github.com/clockme/clockme-backend/internal/service/workdebt/service.go:328.18,330.5 1 0
github.com/clockme/clockme-backend/internal/service/workdebt/service.go:331.4,331.29 1 0
github.com/clockme/clockme-backend/internal/service/workdebt/service.go:334.3,334.9 1 0
github.com/clockme/clockme-backend/internal/service/workdebt/service.go:336.2,336.27 1 0
github.com/clockme/clockme-backend/internal/service/workdebt/service.go:338.70,340.16 2 0
github.com/clockme/clockme-backend/internal/service/workdebt/service.go:340.16,342.3 1 0
github.com/clockme/clockme-backend/internal/service/workdebt/service.go:343.2,344.16 2 0
github.com/clockme/clockme-backend/internal/service/workdebt/service.go:344.16,346.3 1 0
github.com/clockme/clockme-backend/internal/service/workdebt/service.go:347.2,349.22 2 0
